Building DAG of jobs...
Using shell: /usr/bin/bash
Provided cores: 1 (use --cores to define parallelism)
Rules claiming more threads will be scaled down.
Job stats:
job           count    min threads    max threads
----------  -------  -------------  -------------
all               1              1              1
plot_quals        1              1              1
total             2              1              1

Select jobs to execute...

[Sat Mar 26 00:12:52 2022]
rule plot_quals:
    input: calls/all.vcf
    output: plots/quals.svg
    jobid: 1
    resources: tmpdir=/tmp

[Sat Mar 26 00:12:57 2022]
Finished job 1.
1 of 2 steps (50%) done
Select jobs to execute...

[Sat Mar 26 00:12:57 2022]
localrule all:
    input: plots/quals.svg
    jobid: 0
    resources: tmpdir=/tmp

[Sat Mar 26 00:12:57 2022]
Finished job 0.
2 of 2 steps (100%) done
Complete log: /mnt/f/Github/learn/snakemake-tutorial/.snakemake/log/2022-03-26T001252.027070.snakemake.log
