Building DAG of jobs...
Using shell: /usr/bin/bash
Provided cores: 5
Rules claiming more threads will be scaled down.
Job stats:
job               count    min threads    max threads
--------------  -------  -------------  -------------
all                   1              1              1
bcftools_call         1              1              1
bwa_map               2              1              1
plot_quals            1              1              1
samtools_index        2              1              1
samtools_sort         2              1              1
total                 9              1              1

Select jobs to execute...

[Sat Mar 26 00:11:22 2022]
rule bwa_map:
    input: data/genome.fa, data/samples/A.fastq
    output: mapped_reads/A.bam
    jobid: 4
    wildcards: sample=A
    resources: tmpdir=/tmp


[Sat Mar 26 00:11:22 2022]
rule bwa_map:
    input: data/genome.fa, data/samples/B.fastq
    output: mapped_reads/B.bam
    jobid: 6
    wildcards: sample=B
    resources: tmpdir=/tmp

[Sat Mar 26 00:11:24 2022]
Finished job 4.
1 of 9 steps (11%) done
Select jobs to execute...

[Sat Mar 26 00:11:24 2022]
rule samtools_sort:
    input: mapped_reads/A.bam
    output: sorted_reads/A.bam
    jobid: 3
    wildcards: sample=A
    resources: tmpdir=/tmp

[Sat Mar 26 00:11:24 2022]
Finished job 6.
2 of 9 steps (22%) done
Select jobs to execute...

[Sat Mar 26 00:11:24 2022]
rule samtools_sort:
    input: mapped_reads/B.bam
    output: sorted_reads/B.bam
    jobid: 5
    wildcards: sample=B
    resources: tmpdir=/tmp

[Sat Mar 26 00:11:25 2022]
Finished job 3.
3 of 9 steps (33%) done
Select jobs to execute...

[Sat Mar 26 00:11:25 2022]
rule samtools_index:
    input: sorted_reads/A.bam
    output: sorted_reads/A.bam.bai
    jobid: 7
    wildcards: sample=A
    resources: tmpdir=/tmp

[Sat Mar 26 00:11:25 2022]
Finished job 5.
4 of 9 steps (44%) done
Select jobs to execute...

[Sat Mar 26 00:11:25 2022]
rule samtools_index:
    input: sorted_reads/B.bam
    output: sorted_reads/B.bam.bai
    jobid: 8
    wildcards: sample=B
    resources: tmpdir=/tmp

[Sat Mar 26 00:11:25 2022]
Finished job 7.
5 of 9 steps (56%) done
[Sat Mar 26 00:11:25 2022]
Finished job 8.
6 of 9 steps (67%) done
Select jobs to execute...

[Sat Mar 26 00:11:25 2022]
rule bcftools_call:
    input: data/genome.fa, sorted_reads/A.bam, sorted_reads/B.bam, sorted_reads/A.bam.bai, sorted_reads/B.bam.bai
    output: calls/all.vcf
    jobid: 2
    resources: tmpdir=/tmp

[Sat Mar 26 00:11:26 2022]
Finished job 2.
7 of 9 steps (78%) done
Select jobs to execute...

[Sat Mar 26 00:11:26 2022]
rule plot_quals:
    input: calls/all.vcf
    output: plots/quals.svg
    jobid: 1
    resources: tmpdir=/tmp

[Sat Mar 26 00:11:27 2022]
Error in rule plot_quals:
    jobid: 1
    output: plots/quals.svg

RuleException:
WorkflowError in line 56 of /mnt/f/Github/learn/snakemake-tutorial/Snakefile:
Failed to open source file /mnt/f/Github/learn/snakemake-tutorial/scripts/plot-quals.py
FileNotFoundError: [Errno 2] No such file or directory: '/mnt/f/Github/learn/snakemake-tutorial/scripts/plot-quals.py'
  File "/mnt/f/Github/learn/snakemake-tutorial/Snakefile", line 56, in __rule_plot_quals
  File "/home/zhenghu/mambaforge/envs/snakemake-tutorial/lib/python3.6/concurrent/futures/thread.py", line 56, in run
Shutting down, this might take some time.
Exiting because a job execution failed. Look above for error message
Complete log: /mnt/f/Github/learn/snakemake-tutorial/.snakemake/log/2022-03-26T001121.197423.snakemake.log
