Building DAG of jobs...
Using shell: /usr/bin/bash
Provided cores: 1 (use --cores to define parallelism)
Rules claiming more threads will be scaled down.
Job stats:
job           count    min threads    max threads
----------  -------  -------------  -------------
all               1              1              1
plot_quals        1              1              1
total             2              1              1

Select jobs to execute...

[Sat Mar 26 00:11:54 2022]
rule plot_quals:
    input: calls/all.vcf
    output: plots/quals.svg
    jobid: 1
    resources: tmpdir=/tmp

[Sat Mar 26 00:11:54 2022]
Error in rule plot_quals:
    jobid: 1
    output: plots/quals.svg

RuleException:
WorkflowError in line 56 of /mnt/f/Github/learn/snakemake-tutorial/Snakefile:
Failed to open source file /mnt/f/Github/learn/snakemake-tutorial/scripts/plot-quals.py
FileNotFoundError: [Errno 2] No such file or directory: '/mnt/f/Github/learn/snakemake-tutorial/scripts/plot-quals.py'
  File "/mnt/f/Github/learn/snakemake-tutorial/Snakefile", line 56, in __rule_plot_quals
  File "/home/zhenghu/mambaforge/envs/snakemake-tutorial/lib/python3.6/concurrent/futures/thread.py", line 56, in run
Shutting down, this might take some time.
Exiting because a job execution failed. Look above for error message
Complete log: /mnt/f/Github/learn/snakemake-tutorial/.snakemake/log/2022-03-26T001153.778776.snakemake.log
